{"/Volumes/Akils_Drive/Akils harddrive/Programming/Content_Contributor/Jest/intermediate-react-jest/project/currency_comparison_start/currency_comparison.js": {"path":"/Volumes/Akils_Drive/Akils harddrive/Programming/Content_Contributor/Jest/intermediate-react-jest/project/currency_comparison_start/currency_comparison.js","statementMap":{"0":{"start":{"line":1,"column":13},"end":{"line":1,"column":30}},"1":{"start":{"line":5,"column":8},"end":{"line":5,"column":28}},"2":{"start":{"line":7,"column":27},"end":{"line":11,"column":5}},"3":{"start":{"line":8,"column":8},"end":{"line":10,"column":10}},"4":{"start":{"line":9,"column":12},"end":{"line":9,"column":47}},"5":{"start":{"line":12,"column":25},"end":{"line":19,"column":5}},"6":{"start":{"line":14,"column":8},"end":{"line":16,"column":9}},"7":{"start":{"line":15,"column":12},"end":{"line":15,"column":42}},"8":{"start":{"line":17,"column":25},"end":{"line":17,"column":38}},"9":{"start":{"line":18,"column":8},"end":{"line":18,"column":60}},"10":{"start":{"line":20,"column":19},"end":{"line":24,"column":5}},"11":{"start":{"line":21,"column":31},"end":{"line":21,"column":57}},"12":{"start":{"line":22,"column":29},"end":{"line":22,"column":48}},"13":{"start":{"line":23,"column":8},"end":{"line":23,"column":32}},"14":{"start":{"line":25,"column":15},"end":{"line":32,"column":5}},"15":{"start":{"line":26,"column":36},"end":{"line":29,"column":9}},"16":{"start":{"line":30,"column":8},"end":{"line":30,"column":76}},"17":{"start":{"line":31,"column":8},"end":{"line":31,"column":48}},"18":{"start":{"line":35,"column":0},"end":{"line":35,"column":35}}},"fnMap":{"0":{"name":"(anonymous_0)","decl":{"start":{"line":4,"column":4},"end":{"line":4,"column":5}},"loc":{"start":{"line":4,"column":24},"end":{"line":6,"column":5}},"line":4},"1":{"name":"(anonymous_1)","decl":{"start":{"line":7,"column":27},"end":{"line":7,"column":28}},"loc":{"start":{"line":7,"column":39},"end":{"line":11,"column":5}},"line":7},"2":{"name":"(anonymous_2)","decl":{"start":{"line":8,"column":45},"end":{"line":8,"column":46}},"loc":{"start":{"line":8,"column":52},"end":{"line":10,"column":9}},"line":8},"3":{"name":"(anonymous_3)","decl":{"start":{"line":12,"column":25},"end":{"line":12,"column":26}},"loc":{"start":{"line":12,"column":46},"end":{"line":19,"column":5}},"line":12},"4":{"name":"(anonymous_4)","decl":{"start":{"line":20,"column":19},"end":{"line":20,"column":20}},"loc":{"start":{"line":20,"column":37},"end":{"line":24,"column":5}},"line":20},"5":{"name":"(anonymous_5)","decl":{"start":{"line":25,"column":15},"end":{"line":25,"column":16}},"loc":{"start":{"line":25,"column":47},"end":{"line":32,"column":5}},"line":25}},"branchMap":{"0":{"loc":{"start":{"line":14,"column":8},"end":{"line":16,"column":9}},"type":"if","locations":[{"start":{"line":14,"column":8},"end":{"line":16,"column":9}},{"start":{"line":14,"column":8},"end":{"line":16,"column":9}}],"line":14}},"s":{"0":1,"1":1,"2":1,"3":1,"4":1,"5":1,"6":2,"7":1,"8":1,"9":1,"10":1,"11":3,"12":3,"13":3,"14":1,"15":1,"16":1,"17":1,"18":1},"f":{"0":1,"1":1,"2":1,"3":2,"4":3,"5":1},"b":{"0":[1,1]},"_coverageSchema":"1a1c01bbd47fc00a2c39e90264f33305004495a9","hash":"51709c392c3a5d15c27776da1cc61cd667a61f22"}
,"/Volumes/Akils_Drive/Akils harddrive/Programming/Content_Contributor/Jest/intermediate-react-jest/project/currency_comparison_start/http.js": {"path":"/Volumes/Akils_Drive/Akils harddrive/Programming/Content_Contributor/Jest/intermediate-react-jest/project/currency_comparison_start/http.js","statementMap":{"0":{"start":{"line":1,"column":14},"end":{"line":1,"column":30}},"1":{"start":{"line":2,"column":15},"end":{"line":2,"column":40}},"2":{"start":{"line":6,"column":20},"end":{"line":10,"column":1}},"3":{"start":{"line":8,"column":18},"end":{"line":8,"column":71}},"4":{"start":{"line":9,"column":4},"end":{"line":9,"column":16}},"5":{"start":{"line":12,"column":0},"end":{"line":12,"column":33}}},"fnMap":{"0":{"name":"(anonymous_0)","decl":{"start":{"line":6,"column":20},"end":{"line":6,"column":21}},"loc":{"start":{"line":6,"column":32},"end":{"line":10,"column":1}},"line":6}},"branchMap":{},"s":{"0":1,"1":1,"2":1,"3":1,"4":1,"5":1},"f":{"0":1},"b":{},"_coverageSchema":"1a1c01bbd47fc00a2c39e90264f33305004495a9","hash":"b2cc812ab5558e4e60e8ea89809496cf5793f4b3"}
,"/Volumes/Akils_Drive/Akils harddrive/Programming/Content_Contributor/Jest/intermediate-react-jest/project/currency_comparison_start/mocks/handlers.js": {"path":"/Volumes/Akils_Drive/Akils harddrive/Programming/Content_Contributor/Jest/intermediate-react-jest/project/currency_comparison_start/mocks/handlers.js","statementMap":{"0":{"start":{"line":1,"column":15},"end":{"line":1,"column":29}},"1":{"start":{"line":4,"column":4},"end":{"line":17,"column":6}},"2":{"start":{"line":5,"column":8},"end":{"line":16,"column":9}},"3":{"start":{"line":20,"column":0},"end":{"line":20,"column":25}}},"fnMap":{"0":{"name":"(anonymous_0)","decl":{"start":{"line":4,"column":51},"end":{"line":4,"column":52}},"loc":{"start":{"line":4,"column":70},"end":{"line":17,"column":5}},"line":4}},"branchMap":{},"s":{"0":1,"1":1,"2":0,"3":1},"f":{"0":0},"b":{},"_coverageSchema":"1a1c01bbd47fc00a2c39e90264f33305004495a9","hash":"b16b850c6af07adcdddb5340b6775545b29d9ee5"}
,"/Volumes/Akils_Drive/Akils harddrive/Programming/Content_Contributor/Jest/intermediate-react-jest/project/currency_comparison_start/mocks/server.js": {"path":"/Volumes/Akils_Drive/Akils harddrive/Programming/Content_Contributor/Jest/intermediate-react-jest/project/currency_comparison_start/mocks/server.js","statementMap":{"0":{"start":{"line":1,"column":24},"end":{"line":1,"column":43}},"1":{"start":{"line":2,"column":17},"end":{"line":2,"column":38}},"2":{"start":{"line":4,"column":15},"end":{"line":4,"column":36}},"3":{"start":{"line":6,"column":0},"end":{"line":6,"column":23}}},"fnMap":{},"branchMap":{},"s":{"0":1,"1":1,"2":1,"3":1},"f":{},"b":{},"_coverageSchema":"1a1c01bbd47fc00a2c39e90264f33305004495a9","hash":"fd0214c3ceca85a92ddb2bf36b1ac382d02ce371"}
}
