{"/Volumes/Akils_Drive/Akils harddrive/Programming/Content_Contributor/Jest/intermediate-react-jest/project/currency_comparison_final/currency_comparison.js": {"path":"/Volumes/Akils_Drive/Akils harddrive/Programming/Content_Contributor/Jest/intermediate-react-jest/project/currency_comparison_final/currency_comparison.js","statementMap":{"0":{"start":{"line":1,"column":13},"end":{"line":1,"column":36}},"1":{"start":{"line":5,"column":8},"end":{"line":5,"column":28}},"2":{"start":{"line":7,"column":27},"end":{"line":12,"column":5}},"3":{"start":{"line":8,"column":8},"end":{"line":11,"column":10}},"4":{"start":{"line":9,"column":12},"end":{"line":9,"column":28}},"5":{"start":{"line":10,"column":12},"end":{"line":10,"column":47}},"6":{"start":{"line":13,"column":25},"end":{"line":20,"column":5}},"7":{"start":{"line":15,"column":8},"end":{"line":17,"column":9}},"8":{"start":{"line":16,"column":12},"end":{"line":16,"column":42}},"9":{"start":{"line":18,"column":25},"end":{"line":18,"column":38}},"10":{"start":{"line":19,"column":8},"end":{"line":19,"column":60}},"11":{"start":{"line":21,"column":19},"end":{"line":25,"column":5}},"12":{"start":{"line":22,"column":31},"end":{"line":22,"column":57}},"13":{"start":{"line":23,"column":29},"end":{"line":23,"column":48}},"14":{"start":{"line":24,"column":8},"end":{"line":24,"column":32}},"15":{"start":{"line":26,"column":15},"end":{"line":33,"column":5}},"16":{"start":{"line":27,"column":36},"end":{"line":30,"column":9}},"17":{"start":{"line":31,"column":8},"end":{"line":31,"column":76}},"18":{"start":{"line":32,"column":8},"end":{"line":32,"column":48}},"19":{"start":{"line":36,"column":0},"end":{"line":36,"column":35}}},"fnMap":{"0":{"name":"(anonymous_0)","decl":{"start":{"line":4,"column":4},"end":{"line":4,"column":5}},"loc":{"start":{"line":4,"column":24},"end":{"line":6,"column":5}},"line":4},"1":{"name":"(anonymous_1)","decl":{"start":{"line":7,"column":27},"end":{"line":7,"column":28}},"loc":{"start":{"line":7,"column":39},"end":{"line":12,"column":5}},"line":7},"2":{"name":"(anonymous_2)","decl":{"start":{"line":8,"column":45},"end":{"line":8,"column":46}},"loc":{"start":{"line":8,"column":52},"end":{"line":11,"column":9}},"line":8},"3":{"name":"(anonymous_3)","decl":{"start":{"line":13,"column":25},"end":{"line":13,"column":26}},"loc":{"start":{"line":13,"column":46},"end":{"line":20,"column":5}},"line":13},"4":{"name":"(anonymous_4)","decl":{"start":{"line":21,"column":19},"end":{"line":21,"column":20}},"loc":{"start":{"line":21,"column":37},"end":{"line":25,"column":5}},"line":21},"5":{"name":"(anonymous_5)","decl":{"start":{"line":26,"column":15},"end":{"line":26,"column":16}},"loc":{"start":{"line":26,"column":47},"end":{"line":33,"column":5}},"line":26}},"branchMap":{"0":{"loc":{"start":{"line":15,"column":8},"end":{"line":17,"column":9}},"type":"if","locations":[{"start":{"line":15,"column":8},"end":{"line":17,"column":9}},{"start":{"line":15,"column":8},"end":{"line":17,"column":9}}],"line":15}},"s":{"0":1,"1":1,"2":1,"3":1,"4":1,"5":1,"6":1,"7":2,"8":1,"9":1,"10":1,"11":1,"12":3,"13":3,"14":3,"15":1,"16":1,"17":1,"18":1,"19":1},"f":{"0":1,"1":1,"2":1,"3":2,"4":3,"5":1},"b":{"0":[1,1]},"_coverageSchema":"1a1c01bbd47fc00a2c39e90264f33305004495a9","hash":"1555d2b2607c2d3f71f9e842d7fb48662c87bd26"}
,"/Volumes/Akils_Drive/Akils harddrive/Programming/Content_Contributor/Jest/intermediate-react-jest/project/currency_comparison_final/utils/axios-rates.js": {"path":"/Volumes/Akils_Drive/Akils harddrive/Programming/Content_Contributor/Jest/intermediate-react-jest/project/currency_comparison_final/utils/axios-rates.js","statementMap":{"0":{"start":{"line":1,"column":14},"end":{"line":1,"column":30}},"1":{"start":{"line":3,"column":0},"end":{"line":20,"column":5}},"2":{"start":{"line":5,"column":20},"end":{"line":16,"column":9}},"3":{"start":{"line":17,"column":8},"end":{"line":17,"column":18}}},"fnMap":{"0":{"name":"(anonymous_0)","decl":{"start":{"line":4,"column":9},"end":{"line":4,"column":10}},"loc":{"start":{"line":4,"column":15},"end":{"line":18,"column":5}},"line":4}},"branchMap":{},"s":{"0":1,"1":1,"2":1,"3":1},"f":{"0":1},"b":{},"_coverageSchema":"1a1c01bbd47fc00a2c39e90264f33305004495a9","hash":"3d041b32a48e404fc88a3659487cffe662a044c5"}
,"/Volumes/Akils_Drive/Akils harddrive/Programming/Content_Contributor/Jest/intermediate-react-jest/project/currency_comparison_final/utils/http.js": {"path":"/Volumes/Akils_Drive/Akils harddrive/Programming/Content_Contributor/Jest/intermediate-react-jest/project/currency_comparison_final/utils/http.js","statementMap":{"0":{"start":{"line":1,"column":14},"end":{"line":1,"column":38}},"1":{"start":{"line":4,"column":20},"end":{"line":8,"column":1}},"2":{"start":{"line":6,"column":18},"end":{"line":6,"column":71}},"3":{"start":{"line":7,"column":4},"end":{"line":7,"column":16}},"4":{"start":{"line":10,"column":0},"end":{"line":10,"column":33}}},"fnMap":{"0":{"name":"(anonymous_0)","decl":{"start":{"line":4,"column":20},"end":{"line":4,"column":21}},"loc":{"start":{"line":4,"column":32},"end":{"line":8,"column":1}},"line":4}},"branchMap":{},"s":{"0":1,"1":1,"2":1,"3":1,"4":1},"f":{"0":1},"b":{},"_coverageSchema":"1a1c01bbd47fc00a2c39e90264f33305004495a9","hash":"56a0b2653bf508fda3e4ee06186231558af4c68e"}
}
